sppdRssm/build/intermediates/manifest_merge_blame_file/release/processReleaseMainManifest/manifest-merger-blame-release-report.txt
1<?xml version="1.0" encoding="utf-8"?>
2<manifest xmlns:android="http://schemas.android.com/apk/res/android"
3    package="com.e_sppd.rssm"
4    android:versionCode="4"
5    android:versionName="4.0" >
6
7    <uses-sdk
8        android:minSdkVersion="18"
9        android:targetSdkVersion="28" />
10
11    <uses-feature
11-->src\main\AndroidManifest.xml:5:5-7:35
12        android:name="android.hardware.camera"
12-->src\main\AndroidManifest.xml:6:9-47
13        android:required="true" />
13-->src\main\AndroidManifest.xml:7:9-32
14
15    <uses-permission android:name="android.permission.INTERNET" />
15-->src\main\AndroidManifest.xml:9:5-67
15-->src\main\AndroidManifest.xml:9:22-64
16    <uses-permission android:name="android.permission.ACCESS_NETWORK_STATE" />
16-->src\main\AndroidManifest.xml:10:5-79
16-->src\main\AndroidManifest.xml:10:22-76
17    <uses-permission android:name="android.permission.CAMERA" />
17-->src\main\AndroidManifest.xml:11:5-65
17-->src\main\AndroidManifest.xml:11:22-62
18    <uses-permission android:name="android.permission.WRITE_EXTERNAL_STORAGE" />
18-->src\main\AndroidManifest.xml:12:5-81
18-->src\main\AndroidManifest.xml:12:22-78
19    <uses-permission android:name="android.permission.READ_PHONE_STATE" />
19-->src\main\AndroidManifest.xml:13:5-75
19-->src\main\AndroidManifest.xml:13:22-72
20    <uses-permission android:name="android.permission.WAKE_LOCK" />
20-->[com.google.android.gms:play-services-measurement:17.2.1] AndroidManifest.xml:25:5-68
20-->[com.google.android.gms:play-services-measurement:17.2.1] AndroidManifest.xml:25:22-65
21    <uses-permission android:name="com.google.android.finsky.permission.BIND_GET_INSTALL_REFERRER_SERVICE" /> <!-- Required by older versions of Google Play services to create IID tokens -->
21-->[com.google.android.gms:play-services-measurement:17.2.1] AndroidManifest.xml:26:5-110
21-->[com.google.android.gms:play-services-measurement:17.2.1] AndroidManifest.xml:26:22-107
22    <uses-permission android:name="com.google.android.c2dm.permission.RECEIVE" />
22-->[com.google.firebase:firebase-iid:20.0.0] AndroidManifest.xml:26:5-82
22-->[com.google.firebase:firebase-iid:20.0.0] AndroidManifest.xml:26:22-79
23
24    <application
24-->src\main\AndroidManifest.xml:15:5-80:19
25        android:name="androidx.multidex.MultiDexApplication"
26        android:allowBackup="true"
26-->src\main\AndroidManifest.xml:17:9-35
27        android:appComponentFactory="androidx.core.app.CoreComponentFactory"
27-->[androidx.core:core:1.1.0] AndroidManifest.xml:24:18-86
28        android:debuggable="true"
28-->src\main\AndroidManifest.xml:22:9-34
29        android:extractNativeLibs="true"
30        android:fullBackupContent="false"
30-->src\main\AndroidManifest.xml:21:9-42
31        android:icon="@mipmap/ic_launcher"
31-->src\main\AndroidManifest.xml:18:9-43
32        android:label="@string/app_name"
32-->[com.github.bloder:magic:1.0] AndroidManifest.xml:13:9-41
33        android:networkSecurityConfig="@xml/network_security_config"
33-->src\main\AndroidManifest.xml:16:9-69
34        android:supportsRtl="true"
34-->src\main\AndroidManifest.xml:20:9-35
35        android:theme="@style/AppTheme" >
35-->src\main\AndroidManifest.xml:19:9-40
36        <activity
36-->src\main\AndroidManifest.xml:25:9-34:20
37            android:name="com.e_sppd_rssm.Splash_Screen"
37-->src\main\AndroidManifest.xml:26:13-57
38            android:exported="true"
38-->src\main\AndroidManifest.xml:27:13-36
39            android:launchMode="standard" >
39-->src\main\AndroidManifest.xml:28:13-42
40            <intent-filter>
40-->src\main\AndroidManifest.xml:30:13-33:29
41                <action android:name="android.intent.action.MAIN" />
41-->src\main\AndroidManifest.xml:31:17-69
41-->src\main\AndroidManifest.xml:31:25-66
42
43                <category android:name="android.intent.category.LAUNCHER" />
43-->src\main\AndroidManifest.xml:32:17-77
43-->src\main\AndroidManifest.xml:32:27-74
44            </intent-filter>
45        </activity>
46        <activity
46-->src\main\AndroidManifest.xml:35:9-43:20
47            android:name="com.e_sppd_rssm.Login_Activity"
47-->src\main\AndroidManifest.xml:36:13-58
48            android:exported="true"
48-->src\main\AndroidManifest.xml:37:13-36
49            android:theme="@style/AppTheme" >
49-->src\main\AndroidManifest.xml:38:13-44
50            <intent-filter>
50-->src\main\AndroidManifest.xml:39:13-42:29
51                <action android:name="android.intent.action.MAIN" />
51-->src\main\AndroidManifest.xml:31:17-69
51-->src\main\AndroidManifest.xml:31:25-66
52
53                <category android:name="android.intent.category.DEFAULT" />
53-->src\main\AndroidManifest.xml:41:17-76
53-->src\main\AndroidManifest.xml:41:27-73
54            </intent-filter>
55        </activity>
56
57        <provider
58            android:name="androidx.core.content.FileProvider"
58-->src\main\AndroidManifest.xml:46:13-62
59            android:authorities="com.e_sppd.rssm.provider"
59-->src\main\AndroidManifest.xml:47:13-60
60            android:exported="false"
60-->src\main\AndroidManifest.xml:48:13-37
61            android:grantUriPermissions="true" >
61-->src\main\AndroidManifest.xml:49:13-47
62            <meta-data
62-->src\main\AndroidManifest.xml:50:13-52:54
63                android:name="android.support.FILE_PROVIDER_PATHS"
63-->src\main\AndroidManifest.xml:51:17-67
64                android:resource="@xml/file_paths" />
64-->src\main\AndroidManifest.xml:52:17-51
65        </provider>
66
67        <activity
67-->src\main\AndroidManifest.xml:55:9-101
68            android:name="com.e_sppd_rssm.MainActivityUtama"
68-->src\main\AndroidManifest.xml:55:19-67
69            android:theme="@style/AppTheme" />
69-->src\main\AndroidManifest.xml:55:68-99
70        <activity android:name="com.e_sppd_rssm.List_DataSppd" />
70-->src\main\AndroidManifest.xml:56:9-66
70-->src\main\AndroidManifest.xml:56:19-63
71        <activity android:name="com.e_sppd_rssm.History" />
71-->src\main\AndroidManifest.xml:57:9-60
71-->src\main\AndroidManifest.xml:57:19-57
72        <activity android:name="com.e_sppd_rssm.List_DataRincian" />
72-->src\main\AndroidManifest.xml:58:9-69
72-->src\main\AndroidManifest.xml:58:19-66
73        <activity android:name="com.e_sppd_rssm.Edit_Rincian_Biaya" />
73-->src\main\AndroidManifest.xml:59:9-71
73-->src\main\AndroidManifest.xml:59:19-68
74        <activity android:name="com.e_sppd_rssm.List_DataRiil" />
74-->src\main\AndroidManifest.xml:60:9-66
74-->src\main\AndroidManifest.xml:60:19-63
75        <activity android:name="com.e_sppd_rssm.Edit_Rincian_BiayaRiil" />
75-->src\main\AndroidManifest.xml:61:9-75
75-->src\main\AndroidManifest.xml:61:19-72
76        <activity android:name="com.e_sppd_rssm.List_Notif" />
76-->src\main\AndroidManifest.xml:62:9-63
76-->src\main\AndroidManifest.xml:62:19-60
77        <activity
77-->src\main\AndroidManifest.xml:64:9-106
78            android:name="com.e_sppd_rssm.Edit_LaporanPerjalanan"
78-->src\main\AndroidManifest.xml:64:19-72
79            android:theme="@style/AppTheme" />
79-->src\main\AndroidManifest.xml:64:73-104
80        <activity
80-->src\main\AndroidManifest.xml:65:9-106
81            android:name="com.e_sppd_rssm.Register_Activity_Baru"
81-->src\main\AndroidManifest.xml:65:19-72
82            android:theme="@style/AppTheme" />
82-->src\main\AndroidManifest.xml:65:73-104
83        <activity
83-->src\main\AndroidManifest.xml:66:9-100
84            android:name="com.e_sppd_rssm.Tentang_Aplikasi"
84-->src\main\AndroidManifest.xml:66:19-66
85            android:theme="@style/AppTheme" />
85-->src\main\AndroidManifest.xml:66:67-98
86        <activity
86-->src\main\AndroidManifest.xml:67:9-90
87            android:name="com.e_sppd_rssm.Profil"
87-->src\main\AndroidManifest.xml:67:19-56
88            android:theme="@style/AppTheme" />
88-->src\main\AndroidManifest.xml:67:57-88
89        <activity
89-->src\main\AndroidManifest.xml:68:9-98
90            android:name="com.e_sppd_rssm.Tampil_Bantuan"
90-->src\main\AndroidManifest.xml:68:19-64
91            android:theme="@style/AppTheme" />
91-->src\main\AndroidManifest.xml:68:65-96
92        <activity
92-->src\main\AndroidManifest.xml:69:9-93
93            android:name="bantuan_tutorial.Tutorial"
93-->src\main\AndroidManifest.xml:69:19-59
94            android:theme="@style/AppTheme" />
94-->src\main\AndroidManifest.xml:69:60-91
95        <activity
95-->src\main\AndroidManifest.xml:70:9-97
96            android:name="bantuan_tutorial.Tutorial_Ke2"
96-->src\main\AndroidManifest.xml:70:19-63
97            android:theme="@style/AppTheme" />
97-->src\main\AndroidManifest.xml:70:64-95
98        <activity
98-->src\main\AndroidManifest.xml:71:9-119
99            android:name="bantuan_tutorial.Tutorial_Bantuan_Data_Tidak_Tampil"
99-->src\main\AndroidManifest.xml:71:19-85
100            android:theme="@style/AppTheme" />
100-->src\main\AndroidManifest.xml:71:86-117
101
102        <uses-library
102-->src\main\AndroidManifest.xml:72:9-88
103            android:name="org.apache.http.legacy"
103-->src\main\AndroidManifest.xml:72:23-60
104            android:required="false" />
104-->src\main\AndroidManifest.xml:72:61-85
105
106        <activity
106-->src\main\AndroidManifest.xml:74:9-75:45
107            android:name="koneksi.FontChange"
107-->src\main\AndroidManifest.xml:74:19-52
108            android:theme="@style/AppTheme" />
108-->src\main\AndroidManifest.xml:74:53-84
109
110        <service android:name="koneksi.MyFirebaseMessagingService" />
110-->src\main\AndroidManifest.xml:76:9-70
110-->src\main\AndroidManifest.xml:76:18-67
111
112        <meta-data
112-->src\main\AndroidManifest.xml:77:9-79:57
113            android:name="preloaded_fonts"
113-->src\main\AndroidManifest.xml:78:13-43
114            android:resource="@array/preloaded_fonts" />
114-->src\main\AndroidManifest.xml:79:13-54
115        <!--
116             FirebaseMessagingService performs security checks at runtime,
117             but set to not exported to explicitly avoid allowing another app to call it.
118        -->
119        <service
119-->[com.google.firebase:firebase-messaging:20.0.0] AndroidManifest.xml:28:9-34:19
120            android:name="com.google.firebase.messaging.FirebaseMessagingService"
120-->[com.google.firebase:firebase-messaging:20.0.0] AndroidManifest.xml:29:13-82
121            android:exported="false" >
121-->[com.google.firebase:firebase-messaging:20.0.0] AndroidManifest.xml:30:13-37
122            <intent-filter android:priority="-500" >
122-->[com.google.firebase:firebase-messaging:20.0.0] AndroidManifest.xml:31:13-33:29
122-->[com.google.firebase:firebase-messaging:20.0.0] AndroidManifest.xml:31:28-51
123                <action android:name="com.google.firebase.MESSAGING_EVENT" />
123-->[com.google.firebase:firebase-messaging:20.0.0] AndroidManifest.xml:32:17-78
123-->[com.google.firebase:firebase-messaging:20.0.0] AndroidManifest.xml:32:25-75
124            </intent-filter>
125        </service>
126
127        <activity
127-->[com.google.firebase:firebase-auth:19.1.0] AndroidManifest.xml:24:9-31:50
128            android:name="com.google.firebase.auth.internal.FederatedSignInActivity"
128-->[com.google.firebase:firebase-auth:19.1.0] AndroidManifest.xml:25:13-85
129            android:excludeFromRecents="true"
129-->[com.google.firebase:firebase-auth:19.1.0] AndroidManifest.xml:26:13-46
130            android:exported="true"
130-->[com.google.firebase:firebase-auth:19.1.0] AndroidManifest.xml:27:13-36
131            android:launchMode="singleTask"
131-->[com.google.firebase:firebase-auth:19.1.0] AndroidManifest.xml:28:13-44
132            android:permission="com.google.firebase.auth.api.gms.permission.LAUNCH_FEDERATED_SIGN_IN"
132-->[com.google.firebase:firebase-auth:19.1.0] AndroidManifest.xml:29:13-102
133            android:theme="@android:style/Theme.Translucent.NoTitleBar" />
133-->[com.google.firebase:firebase-auth:19.1.0] AndroidManifest.xml:30:13-72
134
135        <service
135-->[com.google.firebase:firebase-auth:19.1.0] AndroidManifest.xml:33:9-39:19
136            android:name="com.google.firebase.components.ComponentDiscoveryService"
136-->[com.google.firebase:firebase-auth:19.1.0] AndroidManifest.xml:34:13-84
137            android:directBootAware="true"
137-->[com.google.firebase:firebase-common:19.2.0] AndroidManifest.xml:15:13-43
138            android:exported="false" >
138-->[com.google.firebase:firebase-auth:19.1.0] AndroidManifest.xml:35:13-37
139            <meta-data
139-->[com.google.firebase:firebase-auth:19.1.0] AndroidManifest.xml:36:13-38:85
140                android:name="com.google.firebase.components:com.google.firebase.auth.FirebaseAuthRegistrar"
140-->[com.google.firebase:firebase-auth:19.1.0] AndroidManifest.xml:37:17-109
141                android:value="com.google.firebase.components.ComponentRegistrar" />
141-->[com.google.firebase:firebase-auth:19.1.0] AndroidManifest.xml:38:17-82
142            <meta-data
142-->[com.google.firebase:firebase-firestore:21.2.1] AndroidManifest.xml:20:13-22:85
143                android:name="com.google.firebase.components:com.google.firebase.firestore.FirestoreRegistrar"
143-->[com.google.firebase:firebase-firestore:21.2.1] AndroidManifest.xml:21:17-111
144                android:value="com.google.firebase.components.ComponentRegistrar" />
144-->[com.google.firebase:firebase-firestore:21.2.1] AndroidManifest.xml:22:17-82
145            <meta-data
145-->[com.google.android.gms:play-services-measurement-api:17.2.1] AndroidManifest.xml:30:13-32:85
146                android:name="com.google.firebase.components:com.google.firebase.analytics.connector.internal.AnalyticsConnectorRegistrar"
146-->[com.google.android.gms:play-services-measurement-api:17.2.1] AndroidManifest.xml:31:17-139
147                android:value="com.google.firebase.components.ComponentRegistrar" />
147-->[com.google.android.gms:play-services-measurement-api:17.2.1] AndroidManifest.xml:32:17-82
148            <meta-data
148-->[com.google.firebase:firebase-iid:20.0.0] AndroidManifest.xml:32:13-34:85
149                android:name="com.google.firebase.components:com.google.firebase.iid.Registrar"
149-->[com.google.firebase:firebase-iid:20.0.0] AndroidManifest.xml:33:17-96
150                android:value="com.google.firebase.components.ComponentRegistrar" />
150-->[com.google.firebase:firebase-iid:20.0.0] AndroidManifest.xml:34:17-82
151        </service>
152
153        <receiver
153-->[com.google.android.gms:play-services-measurement:17.2.1] AndroidManifest.xml:29:9-33:20
154            android:name="com.google.android.gms.measurement.AppMeasurementReceiver"
154-->[com.google.android.gms:play-services-measurement:17.2.1] AndroidManifest.xml:30:13-85
155            android:enabled="true"
155-->[com.google.android.gms:play-services-measurement:17.2.1] AndroidManifest.xml:31:13-35
156            android:exported="false" >
156-->[com.google.android.gms:play-services-measurement:17.2.1] AndroidManifest.xml:32:13-37
157        </receiver>
158        <receiver
158-->[com.google.android.gms:play-services-measurement:17.2.1] AndroidManifest.xml:34:9-42:20
159            android:name="com.google.android.gms.measurement.AppMeasurementInstallReferrerReceiver"
159-->[com.google.android.gms:play-services-measurement:17.2.1] AndroidManifest.xml:35:13-100
160            android:enabled="true"
160-->[com.google.android.gms:play-services-measurement:17.2.1] AndroidManifest.xml:36:13-35
161            android:exported="true"
161-->[com.google.android.gms:play-services-measurement:17.2.1] AndroidManifest.xml:37:13-36
162            android:permission="android.permission.INSTALL_PACKAGES" >
162-->[com.google.android.gms:play-services-measurement:17.2.1] AndroidManifest.xml:38:13-69
163            <intent-filter>
163-->[com.google.android.gms:play-services-measurement:17.2.1] AndroidManifest.xml:39:13-41:29
164                <action android:name="com.android.vending.INSTALL_REFERRER" />
164-->[com.google.android.gms:play-services-measurement:17.2.1] AndroidManifest.xml:40:17-79
164-->[com.google.android.gms:play-services-measurement:17.2.1] AndroidManifest.xml:40:25-76
165            </intent-filter>
166        </receiver>
167
168        <service
168-->[com.google.android.gms:play-services-measurement:17.2.1] AndroidManifest.xml:44:9-47:40
169            android:name="com.google.android.gms.measurement.AppMeasurementService"
169-->[com.google.android.gms:play-services-measurement:17.2.1] AndroidManifest.xml:45:13-84
170            android:enabled="true"
170-->[com.google.android.gms:play-services-measurement:17.2.1] AndroidManifest.xml:46:13-35
171            android:exported="false" />
171-->[com.google.android.gms:play-services-measurement:17.2.1] AndroidManifest.xml:47:13-37
172        <service
172-->[com.google.android.gms:play-services-measurement:17.2.1] AndroidManifest.xml:48:9-52:72
173            android:name="com.google.android.gms.measurement.AppMeasurementJobService"
173-->[com.google.android.gms:play-services-measurement:17.2.1] AndroidManifest.xml:49:13-87
174            android:enabled="true"
174-->[com.google.android.gms:play-services-measurement:17.2.1] AndroidManifest.xml:50:13-35
175            android:exported="false"
175-->[com.google.android.gms:play-services-measurement:17.2.1] AndroidManifest.xml:51:13-37
176            android:permission="android.permission.BIND_JOB_SERVICE" />
176-->[com.google.android.gms:play-services-measurement:17.2.1] AndroidManifest.xml:52:13-69
177
178        <receiver
178-->[com.google.firebase:firebase-iid:20.0.0] AndroidManifest.xml:37:9-44:20
179            android:name="com.google.firebase.iid.FirebaseInstanceIdReceiver"
179-->[com.google.firebase:firebase-iid:20.0.0] AndroidManifest.xml:38:13-78
180            android:exported="true"
180-->[com.google.firebase:firebase-iid:20.0.0] AndroidManifest.xml:39:13-36
181            android:permission="com.google.android.c2dm.permission.SEND" >
181-->[com.google.firebase:firebase-iid:20.0.0] AndroidManifest.xml:40:13-73
182            <intent-filter>
182-->[com.google.firebase:firebase-iid:20.0.0] AndroidManifest.xml:41:13-43:29
183                <action android:name="com.google.android.c2dm.intent.RECEIVE" />
183-->[com.google.firebase:firebase-iid:20.0.0] AndroidManifest.xml:42:17-81
183-->[com.google.firebase:firebase-iid:20.0.0] AndroidManifest.xml:42:25-78
184            </intent-filter>
185        </receiver>
186
187        <activity
187-->[com.google.android.gms:play-services-base:17.1.0] AndroidManifest.xml:23:9-26:75
188            android:name="com.google.android.gms.common.api.GoogleApiActivity"
188-->[com.google.android.gms:play-services-base:17.1.0] AndroidManifest.xml:24:13-79
189            android:exported="false"
189-->[com.google.android.gms:play-services-base:17.1.0] AndroidManifest.xml:25:13-37
190            android:theme="@android:style/Theme.Translucent.NoTitleBar" />
190-->[com.google.android.gms:play-services-base:17.1.0] AndroidManifest.xml:26:13-72
191
192        <provider
192-->[com.google.firebase:firebase-common:19.2.0] AndroidManifest.xml:19:9-23:39
193            android:name="com.google.firebase.provider.FirebaseInitProvider"
193-->[com.google.firebase:firebase-common:19.2.0] AndroidManifest.xml:20:13-77
194            android:authorities="com.e_sppd.rssm.firebaseinitprovider"
194-->[com.google.firebase:firebase-common:19.2.0] AndroidManifest.xml:21:13-72
195            android:exported="false"
195-->[com.google.firebase:firebase-common:19.2.0] AndroidManifest.xml:22:13-37
196            android:initOrder="100" />
196-->[com.google.firebase:firebase-common:19.2.0] AndroidManifest.xml:23:13-36
197
198        <meta-data
198-->[com.google.android.gms:play-services-basement:17.0.0] AndroidManifest.xml:23:9-25:69
199            android:name="com.google.android.gms.version"
199-->[com.google.android.gms:play-services-basement:17.0.0] AndroidManifest.xml:24:13-58
200            android:value="@integer/google_play_services_version" />
200-->[com.google.android.gms:play-services-basement:17.0.0] AndroidManifest.xml:25:13-66
201    </application>
202
203</manifest>